<?xml version="1.0" encoding="UTF-8"?>
<!-- Generated by org.testng.reporters.JUnitReportReporter -->
<testsuite hostname="LAPTOP-NTBPMJL5" failures="0" tests="2" name="Nexxvali.MavenProject.Example" time="0.010" errors="0" timestamp="2024-06-06T19:31:44 PDT" skipped="0">
  <testcase classname="Nexxvali.MavenProject.Example" name="addSum" time="0.009"/>
  <system-out/>
  <testcase classname="Nexxvali.MavenProject.Example" name="lastClass" time="0.001"/>
  <system-out/>
</testsuite> <!-- Nexxvali.MavenProject.Example -->
